
> devos-workspace@0.1.0 dev
> next dev

▲ Next.js 16.2.10 (Turbopack)
- Local:         http://localhost:3000
- Network:       http://192.168.0.7:3000
✓ Ready in 626ms

 GET / 200 in 396ms (next.js: 228ms, application-code: 168ms)
 GET / 200 in 43ms (next.js: 4ms, application-code: 40ms)
 GET / 200 in 59ms (next.js: 9ms, application-code: 50ms)
 GET / 200 in 52ms (next.js: 4ms, application-code: 48ms)
✓ Compiled in 372ms
 GET / 200 in 114ms (next.js: 69ms, application-code: 45ms)
 GET / 200 in 62ms (next.js: 3ms, application-code: 59ms)
 GET / 200 in 54ms (next.js: 5ms, application-code: 48ms)
✓ Compiled in 76ms
 GET / 200 in 189ms (next.js: 132ms, application-code: 57ms)
✓ Compiled in 55ms
 GET / 200 in 107ms (next.js: 71ms, application-code: 36ms)
 GET / 200 in 95ms (next.js: 4ms, application-code: 91ms)
✓ Compiled in 76ms
✓ Compiled in 74ms
✓ Compiled in 42ms
 GET / 200 in 140ms (next.js: 97ms, application-code: 43ms)
✓ Compiled in 127ms
 GET / 200 in 150ms (next.js: 66ms, application-code: 84ms)
 GET / 200 in 42ms (next.js: 6ms, application-code: 36ms)
✓ Compiled in 55ms
 GET / 200 in 87ms (next.js: 56ms, application-code: 31ms)
✓ Compiled in 54ms
 GET / 200 in 73ms (next.js: 46ms, application-code: 28ms)
✓ Compiled in 54ms
 GET / 200 in 79ms (next.js: 50ms, application-code: 29ms)
✓ Compiled in 43ms
 GET / 200 in 100ms (next.js: 58ms, application-code: 42ms)
✓ Compiled in 54ms
 GET / 200 in 84ms (next.js: 54ms, application-code: 30ms)
 GET / 200 in 106ms (next.js: 4ms, application-code: 102ms)
✓ Compiled in 51ms
 GET / 200 in 81ms (next.js: 50ms, application-code: 31ms)
✓ Compiled in 63ms
 GET / 200 in 101ms (next.js: 55ms, application-code: 47ms)
✓ Compiled in 55ms
 GET / 200 in 105ms (next.js: 50ms, application-code: 55ms)
 GET / 200 in 90ms (next.js: 3ms, application-code: 88ms)
✓ Compiled in 80ms
 GET / 200 in 98ms (next.js: 54ms, application-code: 44ms)
✓ Compiled in 44ms
 GET / 200 in 120ms (next.js: 52ms, application-code: 69ms)
[browser] Encountered two children with the same key, `closed`. Keys should be unique so that components maintain their identity across updates. Non-unique keys may cause children to be duplicated and/or omitted — the behavior is unsupported and could change in a future version. 
[browser] Encountered two children with the same key, `closed`. Keys should be unique so that components maintain their identity across updates. Non-unique keys may cause children to be duplicated and/or omitted — the behavior is unsupported and could change in a future version. 
[browser] Encountered two children with the same key, `closed`. Keys should be unique so that components maintain their identity across updates. Non-unique keys may cause children to be duplicated and/or omitted — the behavior is unsupported and could change in a future version. 
[browser] Encountered two children with the same key, `closed`. Keys should be unique so that components maintain their identity across updates. Non-unique keys may cause children to be duplicated and/or omitted — the behavior is unsupported and could change in a future version. 
[browser] Encountered two children with the same key, `closed`. Keys should be unique so that components maintain their identity across updates. Non-unique keys may cause children to be duplicated and/or omitted — the behavior is unsupported and could change in a future version. 
    at Set.forEach (<anonymous>) (<anonymous>)
[browser] Encountered two children with the same key, `closed`. Keys should be unique so that components maintain their identity across updates. Non-unique keys may cause children to be duplicated and/or omitted — the behavior is unsupported and could change in a future version. 
    at Set.forEach (<anonymous>) (<anonymous>)
[browser] Encountered two children with the same key, `closed`. Keys should be unique so that components maintain their identity across updates. Non-unique keys may cause children to be duplicated and/or omitted — the behavior is unsupported and could change in a future version. 
[browser] Encountered two children with the same key, `closed`. Keys should be unique so that components maintain their identity across updates. Non-unique keys may cause children to be duplicated and/or omitted — the behavior is unsupported and could change in a future version. 
 GET / 200 in 99ms (next.js: 3ms, application-code: 96ms)
✓ Compiled in 41ms
 GET / 200 in 75ms (next.js: 49ms, application-code: 26ms)
 GET / 200 in 93ms (next.js: 2ms, application-code: 91ms)
 GET / 200 in 34ms (next.js: 3ms, application-code: 31ms)
✓ Compiled in 68ms
 GET / 200 in 169ms (next.js: 85ms, application-code: 84ms)
✓ Compiled in 50ms
 GET / 200 in 83ms (next.js: 54ms, application-code: 29ms)
✓ Compiled in 55ms
 GET / 200 in 70ms (next.js: 48ms, application-code: 23ms)
 GET / 200 in 107ms (next.js: 4ms, application-code: 103ms)
 GET / 200 in 54ms (next.js: 6ms, application-code: 48ms)
✓ Compiled in 58ms
 GET / 200 in 97ms (next.js: 65ms, application-code: 33ms)
 GET / 200 in 95ms (next.js: 3ms, application-code: 92ms)
✓ Compiled in 52ms
 GET / 200 in 189ms (next.js: 143ms, application-code: 46ms)
✓ Compiled in 48ms
 GET / 200 in 85ms (next.js: 54ms, application-code: 31ms)
 GET / 200 in 143ms (next.js: 7ms, application-code: 136ms)
 GET / 200 in 40ms (next.js: 4ms, application-code: 36ms)
✓ Compiled in 53ms
 GET / 200 in 77ms (next.js: 54ms, application-code: 24ms)
✓ Compiled in 47ms
 GET / 200 in 65ms (next.js: 43ms, application-code: 21ms)
 GET / 200 in 85ms (next.js: 3ms, application-code: 81ms)
 GET / 200 in 51ms (next.js: 5ms, application-code: 46ms)
✓ Compiled in 90ms
 GET / 200 in 120ms (next.js: 80ms, application-code: 40ms)
✓ Compiled in 65ms
 GET / 200 in 76ms (next.js: 52ms, application-code: 23ms)
 GET / 200 in 130ms (next.js: 3ms, application-code: 128ms)
 GET / 200 in 43ms (next.js: 6ms, application-code: 37ms)
✓ Compiled in 66ms
 GET / 200 in 102ms (next.js: 72ms, application-code: 30ms)
 GET / 200 in 136ms (next.js: 4ms, application-code: 132ms)
 GET / 200 in 28ms (next.js: 3ms, application-code: 25ms)
